<?xml version="1.0" encoding="UTF-8"?>
<!-- Generated by org.testng.reporters.JUnitXMLReporter -->
<testsuite hostname="NVUPKOOR-58LUQ" name="Test" tests="1" failures="0" timestamp="20 Jun 2016 08:56:32 GMT" time="26.423" errors="0">
  <testcase name="@AfterTest afterTest" time="0.0" classname="Examples.NewTest">
    <failure type="org.openqa.selenium.os.ProcessUtils$ProcessStillAliveException" message="Timeout waiting for process to die">
      <![CDATA[org.openqa.selenium.os.ProcessUtils$ProcessStillAliveException: Timeout waiting for process to die
	at org.openqa.selenium.os.ProcessUtils.waitForProcessDeath(ProcessUtils.java:60)
	at org.openqa.selenium.os.ProcessUtils.killProcess(ProcessUtils.java:89)
	at org.openqa.selenium.os.UnixProcess$SeleniumWatchDog.destroyHarder(UnixProcess.java:243)
	at org.openqa.selenium.os.UnixProcess$SeleniumWatchDog.access$200(UnixProcess.java:195)
	at org.openqa.selenium.os.UnixProcess.destroy(UnixProcess.java:120)
	at org.openqa.selenium.os.CommandLine.destroy(CommandLine.java:153)
	at org.openqa.selenium.firefox.FirefoxBinary.quit(FirefoxBinary.java:268)
	at org.openqa.selenium.firefox.internal.NewProfileExtensionConnection.quit(NewProfileExtensionConnection.java:199)
	at org.openqa.selenium.firefox.FirefoxDriver$LazyCommandExecutor.quit(FirefoxDriver.java:346)
	at org.openqa.selenium.firefox.FirefoxDriver.stopClient(FirefoxDriver.java:292)
	at org.openqa.selenium.remote.RemoteWebDriver.quit(RemoteWebDriver.java:471)
	at Examples.NewTest.afterTest(NewTest.java:26)
Caused by: java.lang.InterruptedException
	at java.lang.ProcessImpl.waitFor(ProcessImpl.java:451)
	at org.openqa.selenium.os.ProcessUtils$ProcessWaiter.run(ProcessUtils.java:126)
	at java.lang.Thread.run(Thread.java:745)
... Removed 22 stack frames]]>
    </failure>
  </testcase> <!-- @AfterTest afterTest -->
  <testcase name="f" time="8.266" classname="Examples.NewTest"/>
</testsuite> <!-- Test -->
