<?xml version="1.0" encoding="UTF-8"?>
<testng-results skipped="0" failed="0" total="1" passed="1">
  <reporter-output>
  </reporter-output>
  <suite name="Suite" duration-ms="26423" started-at="2016-06-20T08:56:06Z" finished-at="2016-06-20T08:56:32Z">
    <groups>
    </groups>
    <test name="Test" duration-ms="26423" started-at="2016-06-20T08:56:06Z" finished-at="2016-06-20T08:56:32Z">
      <class name="Examples.NewTest">
        <test-method status="PASS" signature="beforeTest()[pri:0, instance:Examples.NewTest@1b604f19]" name="beforeTest" is-config="true" duration-ms="4989" started-at="2016-06-20T14:26:06Z" finished-at="2016-06-20T14:26:11Z">
          <reporter-output>
          </reporter-output>
        </test-method> <!-- beforeTest -->
        <test-method status="PASS" signature="f()[pri:0, instance:Examples.NewTest@1b604f19]" name="f" duration-ms="8266" started-at="2016-06-20T14:26:11Z" finished-at="2016-06-20T14:26:19Z">
          <reporter-output>
          </reporter-output>
        </test-method> <!-- f -->
        <test-method status="FAIL" signature="afterTest()[pri:0, instance:Examples.NewTest@1b604f19]" name="afterTest" is-config="true" duration-ms="0" started-at="2016-06-20T14:26:19Z" finished-at="2016-06-20T14:26:19Z">
          <exception class="org.openqa.selenium.os.ProcessUtils$ProcessStillAliveException">
            <message>
              <![CDATA[Timeout waiting for process to die]]>
            </message>
            <full-stacktrace>
              <![CDATA[org.openqa.selenium.os.ProcessUtils$ProcessStillAliveException: Timeout waiting for process to die
	at org.openqa.selenium.os.ProcessUtils.waitForProcessDeath(ProcessUtils.java:60)
	at org.openqa.selenium.os.ProcessUtils.killProcess(ProcessUtils.java:89)
	at org.openqa.selenium.os.UnixProcess$SeleniumWatchDog.destroyHarder(UnixProcess.java:243)
	at org.openqa.selenium.os.UnixProcess$SeleniumWatchDog.access$200(UnixProcess.java:195)
	at org.openqa.selenium.os.UnixProcess.destroy(UnixProcess.java:120)
	at org.openqa.selenium.os.CommandLine.destroy(CommandLine.java:153)
	at org.openqa.selenium.firefox.FirefoxBinary.quit(FirefoxBinary.java:268)
	at org.openqa.selenium.firefox.internal.NewProfileExtensionConnection.quit(NewProfileExtensionConnection.java:199)
	at org.openqa.selenium.firefox.FirefoxDriver$LazyCommandExecutor.quit(FirefoxDriver.java:346)
	at org.openqa.selenium.firefox.FirefoxDriver.stopClient(FirefoxDriver.java:292)
	at org.openqa.selenium.remote.RemoteWebDriver.quit(RemoteWebDriver.java:471)
	at Examples.NewTest.afterTest(NewTest.java:26)
	at sun.reflect.NativeMethodAccessorImpl.invoke0(Native Method)
	at sun.reflect.NativeMethodAccessorImpl.invoke(NativeMethodAccessorImpl.java:62)
	at sun.reflect.DelegatingMethodAccessorImpl.invoke(DelegatingMethodAccessorImpl.java:43)
	at java.lang.reflect.Method.invoke(Method.java:498)
	at org.testng.internal.MethodInvocationHelper.invokeMethod(MethodInvocationHelper.java:80)
	at org.testng.internal.Invoker.invokeConfigurationMethod(Invoker.java:564)
	at org.testng.internal.Invoker.invokeConfigurations(Invoker.java:213)
	at org.testng.internal.Invoker.invokeConfigurations(Invoker.java:138)
	at org.testng.TestRunner.afterRun(TestRunner.java:1021)
	at org.testng.TestRunner.run(TestRunner.java:621)
	at org.testng.SuiteRunner.runTest(SuiteRunner.java:334)
	at org.testng.SuiteRunner.runSequentially(SuiteRunner.java:329)
	at org.testng.SuiteRunner.privateRun(SuiteRunner.java:291)
	at org.testng.SuiteRunner.run(SuiteRunner.java:240)
	at org.testng.SuiteRunnerWorker.runSuite(SuiteRunnerWorker.java:52)
	at org.testng.SuiteRunnerWorker.run(SuiteRunnerWorker.java:86)
	at org.testng.TestNG.runSuitesSequentially(TestNG.java:1198)
	at org.testng.TestNG.runSuitesLocally(TestNG.java:1123)
	at org.testng.TestNG.run(TestNG.java:1031)
	at org.testng.remote.AbstractRemoteTestNG.run(AbstractRemoteTestNG.java:126)
	at org.testng.remote.RemoteTestNG.initAndRun(RemoteTestNG.java:137)
	at org.testng.remote.RemoteTestNG.main(RemoteTestNG.java:58)
Caused by: java.lang.InterruptedException
	at java.lang.ProcessImpl.waitFor(ProcessImpl.java:451)
	at org.openqa.selenium.os.ProcessUtils$ProcessWaiter.run(ProcessUtils.java:126)
	at java.lang.Thread.run(Thread.java:745)
]]>
            </full-stacktrace>
          </exception> <!-- org.openqa.selenium.os.ProcessUtils$ProcessStillAliveException -->
          <reporter-output>
          </reporter-output>
        </test-method> <!-- afterTest -->
      </class> <!-- Examples.NewTest -->
    </test> <!-- Test -->
  </suite> <!-- Suite -->
</testng-results>
